{"C:\\Users\\edilson.csilva10\\Downloads\\Calculadora-Testes\\src\\javascript\\divisao.js": {"path":"C:\\Users\\edilson.csilva10\\Downloads\\Calculadora-Testes\\src\\javascript\\divisao.js","statementMap":{"0":{"start":{"line":2,"column":4},"end":{"line":2,"column":17}},"1":{"start":{"line":6,"column":0},"end":{"line":6,"column":24}}},"fnMap":{"0":{"name":"divide","decl":{"start":{"line":1,"column":9},"end":{"line":1,"column":15}},"loc":{"start":{"line":1,"column":20},"end":{"line":3,"column":1}},"line":1}},"branchMap":{},"s":{"0":5,"1":1},"f":{"0":5},"b":{},"_coverageSchema":"1a1c01bbd47fc00a2c39e90264f33305004495a9","hash":"fea5aa03bfb1631c0d8d1e0981185cc8cd518c37"}
,"C:\\Users\\edilson.csilva10\\Downloads\\Calculadora-Testes\\src\\javascript\\multiplicacao.js": {"path":"C:\\Users\\edilson.csilva10\\Downloads\\Calculadora-Testes\\src\\javascript\\multiplicacao.js","statementMap":{"0":{"start":{"line":2,"column":4},"end":{"line":2,"column":17}},"1":{"start":{"line":6,"column":0},"end":{"line":6,"column":28}}},"fnMap":{"0":{"name":"multiplica","decl":{"start":{"line":1,"column":9},"end":{"line":1,"column":19}},"loc":{"start":{"line":1,"column":24},"end":{"line":3,"column":1}},"line":1}},"branchMap":{},"s":{"0":4,"1":1},"f":{"0":4},"b":{},"_coverageSchema":"1a1c01bbd47fc00a2c39e90264f33305004495a9","hash":"4a8ac5587b42325318af1b13860b45e717fceab1"}
,"C:\\Users\\edilson.csilva10\\Downloads\\Calculadora-Testes\\src\\javascript\\soma.js": {"path":"C:\\Users\\edilson.csilva10\\Downloads\\Calculadora-Testes\\src\\javascript\\soma.js","statementMap":{"0":{"start":{"line":2,"column":4},"end":{"line":2,"column":17}},"1":{"start":{"line":6,"column":0},"end":{"line":6,"column":22}}},"fnMap":{"0":{"name":"soma","decl":{"start":{"line":1,"column":9},"end":{"line":1,"column":13}},"loc":{"start":{"line":1,"column":18},"end":{"line":3,"column":1}},"line":1}},"branchMap":{},"s":{"0":5,"1":1},"f":{"0":5},"b":{},"_coverageSchema":"1a1c01bbd47fc00a2c39e90264f33305004495a9","hash":"9cc91e088dbc2424a6c662a058b1c9d92bfab99b"}
,"C:\\Users\\edilson.csilva10\\Downloads\\Calculadora-Testes\\src\\javascript\\subtracao.js": {"path":"C:\\Users\\edilson.csilva10\\Downloads\\Calculadora-Testes\\src\\javascript\\subtracao.js","statementMap":{"0":{"start":{"line":2,"column":4},"end":{"line":2,"column":17}},"1":{"start":{"line":6,"column":0},"end":{"line":6,"column":27}}},"fnMap":{"0":{"name":"subtracao","decl":{"start":{"line":1,"column":9},"end":{"line":1,"column":18}},"loc":{"start":{"line":1,"column":23},"end":{"line":3,"column":1}},"line":1}},"branchMap":{},"s":{"0":5,"1":1},"f":{"0":5},"b":{},"_coverageSchema":"1a1c01bbd47fc00a2c39e90264f33305004495a9","hash":"abd00b94c002369a96bf2d43c8d8b5ec90125268"}
}
